SERVICES variable is ignored if EAGER_SERVICE_LOADING=0.
2022-11-23T10:59:12.777  WARN --- [-functhread3] hypercorn.error            : ASGI Framework Lifespan error, continuing without Lifespan support
2022-11-23T10:59:12.777  WARN --- [-functhread3] hypercorn.error            : ASGI Framework Lifespan error, continuing without Lifespan support
2022-11-23T10:59:12.779  INFO --- [-functhread3] hypercorn.error            : Running on https://0.0.0.0:4566 (CTRL + C to quit)
2022-11-23T10:59:12.779  INFO --- [-functhread3] hypercorn.error            : Running on https://0.0.0.0:4566 (CTRL + C to quit)
2022-11-23T10:59:12.973  INFO --- [  MainThread] localstack.utils.bootstrap : Execution of "start_runtime_components" took 602.07ms
2022-11-23T11:02:44.722  INFO --- [functhread30] l.services.motoserver      : starting moto server on http://0.0.0.0:46115
2022-11-23T11:02:44.723  INFO --- [   asgi_gw_0] localstack.services.infra  : Starting mock S3 service on http port 4566 ...
2022-11-23T11:02:44.902  INFO --- [   asgi_gw_0] localstack.request.aws     : AWS s3.CreateBucket => 200
2022-11-23T11:02:44.911  INFO --- [   asgi_gw_0] localstack.request.aws     : AWS s3.ListBuckets => 200
2022-11-23T11:04:21.435  INFO --- [   asgi_gw_0] localstack.request.aws     : AWS s3.CreateBucket => 200
2022-11-23T11:04:21.444  INFO --- [   asgi_gw_0] localstack.request.aws     : AWS s3.ListBuckets => 200
2022-11-23T11:09:10.643  INFO --- [   asgi_gw_0] localstack.request.aws     : AWS s3.CreateBucket => 200
2022-11-23T11:09:18.044  INFO --- [   asgi_gw_0] localstack.request.aws     : AWS s3.CreateBucket => 200
2022-11-23T11:09:18.052  INFO --- [   asgi_gw_0] localstack.request.aws     : AWS s3.ListBuckets => 200
2022-11-23T11:16:37.223  INFO --- [   asgi_gw_0] localstack.request.aws     : AWS s3.CreateBucket => 200
2022-11-23T11:16:37.232  INFO --- [   asgi_gw_0] localstack.request.aws     : AWS s3.ListBuckets => 200
2022-11-23T11:18:06.633  INFO --- [   asgi_gw_0] localstack.request.aws     : AWS s3.CreateBucket => 200
2022-11-23T11:18:27.051  INFO --- [   asgi_gw_0] localstack.request.aws     : AWS s3.CreateBucket => 200
2022-11-23T11:18:27.059  INFO --- [   asgi_gw_0] localstack.request.aws     : AWS s3.ListBuckets => 200
2022-11-23T11:18:40.818  INFO --- [   asgi_gw_0] localstack.request.aws     : AWS s3.CreateBucket => 200
2022-11-23T11:18:40.826  INFO --- [   asgi_gw_0] localstack.request.aws     : AWS s3.ListBuckets => 200
2022-11-23T11:18:51.998  INFO --- [   asgi_gw_0] localstack.request.aws     : AWS s3.CreateBucket => 200
2022-11-23T11:18:52.006  INFO --- [   asgi_gw_0] localstack.request.aws     : AWS s3.ListBuckets => 200
2022-11-23T11:30:58.813  INFO --- [   asgi_gw_0] localstack.request.aws     : AWS s3.CreateBucket => 200
2022-11-23T11:30:58.821  INFO --- [   asgi_gw_0] localstack.request.aws     : AWS s3.ListBuckets => 200
2022-11-23T11:30:58.836  INFO --- [   asgi_gw_0] localstack.request.aws     : AWS s3.CreateBucket => 200
2022-11-23T11:31:29.304  INFO --- [   asgi_gw_0] localstack.request.aws     : AWS s3.CreateBucket => 200
2022-11-23T11:31:29.313  INFO --- [   asgi_gw_0] localstack.request.aws     : AWS s3.ListBuckets => 200
2022-11-23T11:31:29.328  INFO --- [   asgi_gw_0] localstack.request.aws     : AWS s3.CreateBucket => 200
2022-11-23T11:31:29.364  INFO --- [   asgi_gw_0] localstack.request.aws     : AWS s3.PutObject => 200
2022-11-23T11:32:19.492  INFO --- [   asgi_gw_0] localstack.request.aws     : AWS s3.CreateBucket => 200
2022-11-23T11:32:19.500  INFO --- [   asgi_gw_0] localstack.request.aws     : AWS s3.ListBuckets => 200
2022-11-23T11:32:19.515  INFO --- [   asgi_gw_0] localstack.request.aws     : AWS s3.CreateBucket => 200
2022-11-23T11:33:08.466  INFO --- [   asgi_gw_0] localstack.request.aws     : AWS s3.CreateBucket => 200
2022-11-23T11:33:08.474  INFO --- [   asgi_gw_0] localstack.request.aws     : AWS s3.ListBuckets => 200
2022-11-23T11:33:08.489  INFO --- [   asgi_gw_0] localstack.request.aws     : AWS s3.CreateBucket => 200
2022-11-23T11:36:03.060  INFO --- [   asgi_gw_0] localstack.request.aws     : AWS s3.CreateBucket => 200
2022-11-23T11:36:03.067  INFO --- [   asgi_gw_0] localstack.request.aws     : AWS s3.ListBuckets => 200
2022-11-23T11:36:03.082  INFO --- [   asgi_gw_0] localstack.request.aws     : AWS s3.CreateBucket => 200
2022-11-23T11:36:15.654  INFO --- [   asgi_gw_0] localstack.request.aws     : AWS s3.CreateBucket => 200
2022-11-23T11:36:15.661  INFO --- [   asgi_gw_0] localstack.request.aws     : AWS s3.ListBuckets => 200
2022-11-23T11:36:15.676  INFO --- [   asgi_gw_0] localstack.request.aws     : AWS s3.CreateBucket => 200
2022-11-23T11:36:15.707  INFO --- [   asgi_gw_0] localstack.request.aws     : AWS s3.PutObject => 200
2022-11-23T11:36:44.704  INFO --- [   asgi_gw_0] localstack.request.aws     : AWS s3.CreateBucket => 200
2022-11-23T11:36:44.712  INFO --- [   asgi_gw_0] localstack.request.aws     : AWS s3.ListBuckets => 200
2022-11-23T11:36:44.728  INFO --- [   asgi_gw_0] localstack.request.aws     : AWS s3.CreateBucket => 200
2022-11-23T11:36:44.756  INFO --- [   asgi_gw_0] localstack.request.aws     : AWS s3.PutObject => 200
2022-11-23T11:45:09.684  INFO --- [   asgi_gw_0] localstack.request.aws     : AWS s3.CreateBucket => 200
2022-11-23T11:45:09.691  INFO --- [   asgi_gw_0] localstack.request.aws     : AWS s3.ListBuckets => 200
2022-11-23T11:45:09.708  INFO --- [   asgi_gw_0] localstack.request.aws     : AWS s3.CreateBucket => 200
2022-11-23T11:45:09.738  INFO --- [   asgi_gw_0] localstack.request.aws     : AWS s3.PutObject => 200
2022-11-23T11:48:32.785  INFO --- [   asgi_gw_0] localstack.request.aws     : AWS s3.CreateBucket => 200
2022-11-23T11:48:32.793  INFO --- [   asgi_gw_0] localstack.request.aws     : AWS s3.ListBuckets => 200
2022-11-23T11:48:32.814  INFO --- [   asgi_gw_0] localstack.request.aws     : AWS s3.CreateBucket => 200
2022-11-23T11:48:32.840  INFO --- [   asgi_gw_0] localstack.request.aws     : AWS s3.PutObject => 200
2022-11-23T11:56:07.970  INFO --- [   asgi_gw_0] localstack.request.aws     : AWS s3.CreateBucket => 200
2022-11-23T11:56:07.978  INFO --- [   asgi_gw_0] localstack.request.aws     : AWS s3.ListBuckets => 200
2022-11-23T11:56:07.995  INFO --- [   asgi_gw_0] localstack.request.aws     : AWS s3.CreateBucket => 200
2022-11-23T11:56:08.027  INFO --- [   asgi_gw_0] localstack.request.aws     : AWS s3.PutObject => 200
2022-11-23T11:56:33.086  INFO --- [   asgi_gw_0] localstack.request.aws     : AWS s3.CreateBucket => 200
2022-11-23T11:56:33.093  INFO --- [   asgi_gw_0] localstack.request.aws     : AWS s3.ListBuckets => 200
2022-11-23T11:56:33.113  INFO --- [   asgi_gw_0] localstack.request.aws     : AWS s3.CreateBucket => 200
2022-11-23T11:56:33.142  INFO --- [   asgi_gw_0] localstack.request.aws     : AWS s3.PutObject => 200
2022-11-23T11:56:50.768  INFO --- [   asgi_gw_0] localstack.request.aws     : AWS s3.CreateBucket => 200
2022-11-23T11:56:50.775  INFO --- [   asgi_gw_0] localstack.request.aws     : AWS s3.ListBuckets => 200
2022-11-23T11:56:50.790  INFO --- [   asgi_gw_0] localstack.request.aws     : AWS s3.CreateBucket => 200
2022-11-23T11:56:50.817  INFO --- [   asgi_gw_0] localstack.request.aws     : AWS s3.PutObject => 200
2022-11-23T11:58:23.200  INFO --- [   asgi_gw_0] localstack.request.aws     : AWS s3.CreateBucket => 200
2022-11-23T11:58:23.208  INFO --- [   asgi_gw_0] localstack.request.aws     : AWS s3.ListBuckets => 200
2022-11-23T11:58:23.224  INFO --- [   asgi_gw_0] localstack.request.aws     : AWS s3.CreateBucket => 200
2022-11-23T11:58:23.251  INFO --- [   asgi_gw_0] localstack.request.aws     : AWS s3.PutObject => 200
2022-11-23T12:12:35.912  INFO --- [   asgi_gw_0] localstack.request.aws     : AWS s3.CreateBucket => 200
2022-11-23T12:12:35.920  INFO --- [   asgi_gw_0] localstack.request.aws     : AWS s3.ListBuckets => 200
2022-11-23T12:12:35.935  INFO --- [   asgi_gw_0] localstack.request.aws     : AWS s3.CreateBucket => 200
2022-11-23T12:12:35.961  INFO --- [   asgi_gw_0] localstack.request.aws     : AWS s3.PutObject => 200
2022-11-23T12:12:35.976  INFO --- [   asgi_gw_0] localstack.request.aws     : AWS s3.CreateBucket => 200
2022-11-23T12:12:36.003  INFO --- [   asgi_gw_0] localstack.request.aws     : AWS s3.PutObject => 200
2022-11-23T12:14:16.969  INFO --- [   asgi_gw_0] localstack.request.aws     : AWS s3.CreateBucket => 200
2022-11-23T12:14:16.977  INFO --- [   asgi_gw_0] localstack.request.aws     : AWS s3.ListBuckets => 200
2022-11-23T12:14:16.992  INFO --- [   asgi_gw_0] localstack.request.aws     : AWS s3.CreateBucket => 200
2022-11-23T12:14:17.019  INFO --- [   asgi_gw_0] localstack.request.aws     : AWS s3.PutObject => 200
2022-11-23T12:14:17.028  INFO --- [   asgi_gw_0] localstack.request.aws     : AWS s3.HeadObject => 200
2022-11-23T12:14:17.038  INFO --- [   asgi_gw_0] localstack.request.aws     : AWS s3.GetObject => 200
2022-11-23T12:14:17.055  INFO --- [   asgi_gw_0] localstack.request.aws     : AWS s3.CreateBucket => 200
2022-11-23T12:14:17.083  INFO --- [   asgi_gw_0] localstack.request.aws     : AWS s3.PutObject => 200
2022-11-23T12:14:50.571  INFO --- [   asgi_gw_0] localstack.request.aws     : AWS s3.CreateBucket => 200
2022-11-23T12:14:50.578  INFO --- [   asgi_gw_0] localstack.request.aws     : AWS s3.ListBuckets => 200
2022-11-23T12:14:50.593  INFO --- [   asgi_gw_0] localstack.request.aws     : AWS s3.CreateBucket => 200
2022-11-23T12:14:50.621  INFO --- [   asgi_gw_0] localstack.request.aws     : AWS s3.PutObject => 200
2022-11-23T12:14:50.631  INFO --- [   asgi_gw_0] localstack.request.aws     : AWS s3.HeadObject => 200
2022-11-23T12:14:50.641  INFO --- [   asgi_gw_0] localstack.request.aws     : AWS s3.GetObject => 200
2022-11-23T12:14:50.659  INFO --- [   asgi_gw_0] localstack.request.aws     : AWS s3.CreateBucket => 200
2022-11-23T12:14:50.687  INFO --- [   asgi_gw_0] localstack.request.aws     : AWS s3.PutObject => 200
2022-11-23T12:17:03.657  INFO --- [   asgi_gw_0] localstack.request.aws     : AWS s3.CreateBucket => 200
2022-11-23T12:17:03.665  INFO --- [   asgi_gw_0] localstack.request.aws     : AWS s3.ListBuckets => 200
2022-11-23T12:17:03.681  INFO --- [   asgi_gw_0] localstack.request.aws     : AWS s3.CreateBucket => 200
2022-11-23T12:17:03.709  INFO --- [   asgi_gw_0] localstack.request.aws     : AWS s3.PutObject => 200
2022-11-23T12:17:03.718  INFO --- [   asgi_gw_0] localstack.request.aws     : AWS s3.HeadObject => 200
2022-11-23T12:17:03.730  INFO --- [   asgi_gw_0] localstack.request.aws     : AWS s3.GetObject => 200
2022-11-23T12:17:03.749  INFO --- [   asgi_gw_0] localstack.request.aws     : AWS s3.CreateBucket => 200
2022-11-23T12:17:03.777  INFO --- [   asgi_gw_0] localstack.request.aws     : AWS s3.PutObject => 200
2022-11-23T12:17:45.105  INFO --- [   asgi_gw_0] localstack.request.aws     : AWS s3.CreateBucket => 200
2022-11-23T12:17:45.113  INFO --- [   asgi_gw_0] localstack.request.aws     : AWS s3.ListBuckets => 200
2022-11-23T12:17:45.129  INFO --- [   asgi_gw_0] localstack.request.aws     : AWS s3.CreateBucket => 200
2022-11-23T12:17:45.156  INFO --- [   asgi_gw_0] localstack.request.aws     : AWS s3.PutObject => 200
2022-11-23T12:17:45.165  INFO --- [   asgi_gw_0] localstack.request.aws     : AWS s3.HeadObject => 200
2022-11-23T12:17:45.176  INFO --- [   asgi_gw_0] localstack.request.aws     : AWS s3.GetObject => 200
2022-11-23T12:17:45.202  INFO --- [   asgi_gw_0] localstack.request.aws     : AWS s3.CreateBucket => 200
2022-11-23T12:17:45.229  INFO --- [   asgi_gw_0] localstack.request.aws     : AWS s3.PutObject => 200
2022-11-23T12:21:57.430  INFO --- [   asgi_gw_0] localstack.request.aws     : AWS s3.CreateBucket => 200
2022-11-23T12:21:57.439  INFO --- [   asgi_gw_0] localstack.request.aws     : AWS s3.ListBuckets => 200
2022-11-23T12:21:57.454  INFO --- [   asgi_gw_0] localstack.request.aws     : AWS s3.CreateBucket => 200
2022-11-23T12:21:57.480  INFO --- [   asgi_gw_0] localstack.request.aws     : AWS s3.PutObject => 200
2022-11-23T12:21:57.490  INFO --- [   asgi_gw_0] localstack.request.aws     : AWS s3.HeadObject => 200
2022-11-23T12:21:57.500  INFO --- [   asgi_gw_0] localstack.request.aws     : AWS s3.GetObject => 200
2022-11-23T12:21:57.518  INFO --- [   asgi_gw_0] localstack.request.aws     : AWS s3.CreateBucket => 200
2022-11-23T12:21:57.545  INFO --- [   asgi_gw_0] localstack.request.aws     : AWS s3.PutObject => 200
2022-11-23T12:51:31.701  INFO --- [   asgi_gw_0] localstack.request.aws     : AWS s3.CreateBucket => 200
2022-11-23T12:51:31.710  INFO --- [   asgi_gw_0] localstack.request.aws     : AWS s3.ListBuckets => 200
2022-11-23T12:51:31.728  INFO --- [   asgi_gw_0] localstack.request.aws     : AWS s3.CreateBucket => 200
2022-11-23T12:51:31.754  INFO --- [   asgi_gw_0] localstack.request.aws     : AWS s3.PutObject => 200
2022-11-23T12:51:31.763  INFO --- [   asgi_gw_0] localstack.request.aws     : AWS s3.HeadObject => 200
2022-11-23T12:51:31.774  INFO --- [   asgi_gw_0] localstack.request.aws     : AWS s3.GetObject => 200
2022-11-23T12:51:31.794  INFO --- [   asgi_gw_0] localstack.request.aws     : AWS s3.CreateBucket => 200
2022-11-23T12:51:31.822  INFO --- [   asgi_gw_0] localstack.request.aws     : AWS s3.PutObject => 200
2022-11-23T13:38:20.930  INFO --- [   asgi_gw_0] localstack.request.aws     : AWS s3.CreateBucket => 200
2022-11-23T13:38:20.940  INFO --- [   asgi_gw_0] localstack.request.aws     : AWS s3.ListBuckets => 200
2022-11-23T13:38:20.961  INFO --- [   asgi_gw_0] localstack.request.aws     : AWS s3.CreateBucket => 200
2022-11-23T13:38:20.988  INFO --- [   asgi_gw_0] localstack.request.aws     : AWS s3.PutObject => 200
2022-11-23T13:38:20.999  INFO --- [   asgi_gw_0] localstack.request.aws     : AWS s3.HeadObject => 200
2022-11-23T13:38:21.012  INFO --- [   asgi_gw_0] localstack.request.aws     : AWS s3.GetObject => 200
2022-11-23T13:38:21.040  INFO --- [   asgi_gw_0] localstack.request.aws     : AWS s3.CreateBucket => 200
2022-11-23T13:38:21.069  INFO --- [   asgi_gw_0] localstack.request.aws     : AWS s3.PutObject => 200
2022-11-23T13:40:40.992  INFO --- [   asgi_gw_0] localstack.request.aws     : AWS s3.CreateBucket => 200
2022-11-23T13:40:41.000  INFO --- [   asgi_gw_0] localstack.request.aws     : AWS s3.ListBuckets => 200
2022-11-23T13:40:41.016  INFO --- [   asgi_gw_0] localstack.request.aws     : AWS s3.CreateBucket => 200
2022-11-23T13:40:41.044  INFO --- [   asgi_gw_0] localstack.request.aws     : AWS s3.PutObject => 200
2022-11-23T13:40:41.053  INFO --- [   asgi_gw_0] localstack.request.aws     : AWS s3.HeadObject => 200
2022-11-23T13:40:41.063  INFO --- [   asgi_gw_0] localstack.request.aws     : AWS s3.GetObject => 200
2022-11-23T13:40:41.084  INFO --- [   asgi_gw_0] localstack.request.aws     : AWS s3.CreateBucket => 200
2022-11-23T13:40:41.113  INFO --- [   asgi_gw_0] localstack.request.aws     : AWS s3.PutObject => 200
2022-11-23T13:51:30.682  INFO --- [   asgi_gw_0] localstack.request.aws     : AWS s3.CreateBucket => 200
2022-11-23T13:51:30.690  INFO --- [   asgi_gw_0] localstack.request.aws     : AWS s3.ListBuckets => 200
2022-11-23T13:51:30.707  INFO --- [   asgi_gw_0] localstack.request.aws     : AWS s3.CreateBucket => 200
2022-11-23T13:51:30.734  INFO --- [   asgi_gw_0] localstack.request.aws     : AWS s3.PutObject => 200
2022-11-23T13:51:30.750  INFO --- [   asgi_gw_0] localstack.request.aws     : AWS s3.HeadObject => 200
2022-11-23T13:51:30.768  INFO --- [   asgi_gw_0] localstack.request.aws     : AWS s3.GetObject => 200
2022-11-23T13:51:30.801  INFO --- [   asgi_gw_0] localstack.request.aws     : AWS s3.CreateBucket => 200
2022-11-23T13:51:30.840  INFO --- [   asgi_gw_0] localstack.request.aws     : AWS s3.PutObject => 200
2022-11-23T13:52:19.436  INFO --- [   asgi_gw_0] localstack.request.aws     : AWS s3.CreateBucket => 200
2022-11-23T13:52:19.444  INFO --- [   asgi_gw_0] localstack.request.aws     : AWS s3.ListBuckets => 200
2022-11-23T13:52:19.460  INFO --- [   asgi_gw_0] localstack.request.aws     : AWS s3.CreateBucket => 200
2022-11-23T13:52:19.488  INFO --- [   asgi_gw_0] localstack.request.aws     : AWS s3.PutObject => 200
2022-11-23T13:52:19.497  INFO --- [   asgi_gw_0] localstack.request.aws     : AWS s3.HeadObject => 200
2022-11-23T13:52:19.509  INFO --- [   asgi_gw_0] localstack.request.aws     : AWS s3.GetObject => 200
2022-11-23T13:52:19.530  INFO --- [   asgi_gw_0] localstack.request.aws     : AWS s3.CreateBucket => 200
2022-11-23T13:52:19.558  INFO --- [   asgi_gw_0] localstack.request.aws     : AWS s3.PutObject => 200
2022-11-23T13:53:23.817  INFO --- [   asgi_gw_0] localstack.request.aws     : AWS s3.PutObject => 404 (NoSuchBucket)
2022-11-23T13:53:23.846  INFO --- [   asgi_gw_0] localstack.request.aws     : AWS s3.CreateBucket => 200
2022-11-23T13:53:23.854  INFO --- [   asgi_gw_0] localstack.request.aws     : AWS s3.ListBuckets => 200
2022-11-23T13:53:23.873  INFO --- [   asgi_gw_0] localstack.request.aws     : AWS s3.CreateBucket => 200
2022-11-23T13:53:23.900  INFO --- [   asgi_gw_0] localstack.request.aws     : AWS s3.PutObject => 200
2022-11-23T13:53:23.910  INFO --- [   asgi_gw_0] localstack.request.aws     : AWS s3.HeadObject => 200
2022-11-23T13:53:23.924  INFO --- [   asgi_gw_0] localstack.request.aws     : AWS s3.GetObject => 200
2022-11-23T13:53:23.952  INFO --- [   asgi_gw_0] localstack.request.aws     : AWS s3.CreateBucket => 200
2022-11-23T13:53:23.994  INFO --- [   asgi_gw_0] localstack.request.aws     : AWS s3.PutObject => 200
2022-11-23T13:55:12.341  INFO --- [   asgi_gw_0] localstack.request.aws     : AWS s3.CreateBucket => 200
2022-11-23T13:55:12.350  INFO --- [   asgi_gw_0] localstack.request.aws     : AWS s3.ListBuckets => 200
2022-11-23T13:55:12.366  INFO --- [   asgi_gw_0] localstack.request.aws     : AWS s3.CreateBucket => 200
2022-11-23T13:55:12.393  INFO --- [   asgi_gw_0] localstack.request.aws     : AWS s3.PutObject => 200
2022-11-23T13:55:12.403  INFO --- [   asgi_gw_0] localstack.request.aws     : AWS s3.HeadObject => 200
2022-11-23T13:55:12.413  INFO --- [   asgi_gw_0] localstack.request.aws     : AWS s3.GetObject => 200
2022-11-23T13:55:12.432  INFO --- [   asgi_gw_0] localstack.request.aws     : AWS s3.CreateBucket => 200
2022-11-23T13:55:12.461  INFO --- [   asgi_gw_0] localstack.request.aws     : AWS s3.PutObject => 200
2022-11-23T13:55:12.479  INFO --- [   asgi_gw_0] localstack.request.aws     : AWS s3.ListBuckets => 200
2022-11-23T13:55:39.768  INFO --- [   asgi_gw_0] localstack.request.aws     : AWS s3.CreateBucket => 200
2022-11-23T13:55:39.777  INFO --- [   asgi_gw_0] localstack.request.aws     : AWS s3.ListBuckets => 200
2022-11-23T13:55:39.795  INFO --- [   asgi_gw_0] localstack.request.aws     : AWS s3.CreateBucket => 200
2022-11-23T13:55:39.827  INFO --- [   asgi_gw_0] localstack.request.aws     : AWS s3.PutObject => 200
2022-11-23T13:55:39.837  INFO --- [   asgi_gw_0] localstack.request.aws     : AWS s3.HeadObject => 200
2022-11-23T13:55:39.852  INFO --- [   asgi_gw_0] localstack.request.aws     : AWS s3.GetObject => 200
2022-11-23T13:55:39.874  INFO --- [   asgi_gw_0] localstack.request.aws     : AWS s3.CreateBucket => 200
2022-11-23T13:55:39.901  INFO --- [   asgi_gw_0] localstack.request.aws     : AWS s3.PutObject => 200
2022-11-23T13:55:39.919  INFO --- [   asgi_gw_0] localstack.request.aws     : AWS s3.ListBuckets => 200
2022-11-23T13:55:39.939  INFO --- [   asgi_gw_0] localstack.request.aws     : AWS s3.PutObject => 400 (InvalidBucketName)
2022-11-23T13:56:36.842  INFO --- [   asgi_gw_0] localstack.request.aws     : AWS s3.CreateBucket => 200
2022-11-23T13:56:36.851  INFO --- [   asgi_gw_0] localstack.request.aws     : AWS s3.ListBuckets => 200
2022-11-23T13:56:36.869  INFO --- [   asgi_gw_0] localstack.request.aws     : AWS s3.CreateBucket => 200
2022-11-23T13:56:36.877  INFO --- [   asgi_gw_0] localstack.request.aws     : AWS s3.ListBuckets => 200
2022-11-23T13:56:36.903  INFO --- [   asgi_gw_0] localstack.request.aws     : AWS s3.PutObject => 200
2022-11-23T13:56:36.913  INFO --- [   asgi_gw_0] localstack.request.aws     : AWS s3.HeadObject => 200
2022-11-23T13:56:36.925  INFO --- [   asgi_gw_0] localstack.request.aws     : AWS s3.GetObject => 200
2022-11-23T13:56:36.947  INFO --- [   asgi_gw_0] localstack.request.aws     : AWS s3.CreateBucket => 200
2022-11-23T13:56:36.959  INFO --- [   asgi_gw_0] localstack.request.aws     : AWS s3.ListBuckets => 200
2022-11-23T13:56:36.993  INFO --- [   asgi_gw_0] localstack.request.aws     : AWS s3.PutObject => 200
2022-11-23T13:56:37.012  INFO --- [   asgi_gw_0] localstack.request.aws     : AWS s3.ListBuckets => 200
2022-11-23T13:56:37.020  INFO --- [   asgi_gw_0] localstack.request.aws     : AWS s3.ListBuckets => 200
2022-11-23T13:56:37.026  INFO --- [   asgi_gw_0] localstack.request.aws     : AWS s3.CreateBucket => 400 (InvalidBucketName)
2022-11-23T13:57:00.785  INFO --- [   asgi_gw_0] localstack.request.aws     : AWS s3.CreateBucket => 200
2022-11-23T13:57:00.794  INFO --- [   asgi_gw_0] localstack.request.aws     : AWS s3.ListBuckets => 200
2022-11-23T13:57:00.810  INFO --- [   asgi_gw_0] localstack.request.aws     : AWS s3.CreateBucket => 200
2022-11-23T13:57:00.818  INFO --- [   asgi_gw_0] localstack.request.aws     : AWS s3.ListBuckets => 200
2022-11-23T13:57:00.845  INFO --- [   asgi_gw_0] localstack.request.aws     : AWS s3.PutObject => 200
2022-11-23T13:57:00.856  INFO --- [   asgi_gw_0] localstack.request.aws     : AWS s3.HeadObject => 200
2022-11-23T13:57:00.873  INFO --- [   asgi_gw_0] localstack.request.aws     : AWS s3.GetObject => 200
2022-11-23T13:57:00.900  INFO --- [   asgi_gw_0] localstack.request.aws     : AWS s3.CreateBucket => 200
2022-11-23T13:57:00.908  INFO --- [   asgi_gw_0] localstack.request.aws     : AWS s3.ListBuckets => 200
2022-11-23T13:57:00.934  INFO --- [   asgi_gw_0] localstack.request.aws     : AWS s3.PutObject => 200
2022-11-23T13:57:00.952  INFO --- [   asgi_gw_0] localstack.request.aws     : AWS s3.ListBuckets => 200
2022-11-23T13:57:00.960  INFO --- [   asgi_gw_0] localstack.request.aws     : AWS s3.ListBuckets => 200
2022-11-23T13:57:00.967  INFO --- [   asgi_gw_0] localstack.request.aws     : AWS s3.CreateBucket => 200
2022-11-23T13:57:00.994  INFO --- [   asgi_gw_0] localstack.request.aws     : AWS s3.PutObject => 200
2022-11-23T13:57:22.709  INFO --- [   asgi_gw_0] localstack.request.aws     : AWS s3.CreateBucket => 200
2022-11-23T13:57:22.718  INFO --- [   asgi_gw_0] localstack.request.aws     : AWS s3.ListBuckets => 200
2022-11-23T13:57:22.734  INFO --- [   asgi_gw_0] localstack.request.aws     : AWS s3.CreateBucket => 200
2022-11-23T13:57:22.744  INFO --- [   asgi_gw_0] localstack.request.aws     : AWS s3.ListBuckets => 200
2022-11-23T13:57:22.774  INFO --- [   asgi_gw_0] localstack.request.aws     : AWS s3.PutObject => 200
2022-11-23T13:57:22.784  INFO --- [   asgi_gw_0] localstack.request.aws     : AWS s3.HeadObject => 200
2022-11-23T13:57:22.794  INFO --- [   asgi_gw_0] localstack.request.aws     : AWS s3.GetObject => 200
2022-11-23T13:57:22.817  INFO --- [   asgi_gw_0] localstack.request.aws     : AWS s3.CreateBucket => 200
2022-11-23T13:57:22.832  INFO --- [   asgi_gw_0] localstack.request.aws     : AWS s3.ListBuckets => 200
2022-11-23T13:57:22.863  INFO --- [   asgi_gw_0] localstack.request.aws     : AWS s3.PutObject => 200
2022-11-23T13:57:22.885  INFO --- [   asgi_gw_0] localstack.request.aws     : AWS s3.ListBuckets => 200
2022-11-23T13:59:28.104  INFO --- [   asgi_gw_0] localstack.request.aws     : AWS s3.CreateBucket => 200
2022-11-23T13:59:28.112  INFO --- [   asgi_gw_0] localstack.request.aws     : AWS s3.ListBuckets => 200
2022-11-23T13:59:28.130  INFO --- [   asgi_gw_0] localstack.request.aws     : AWS s3.CreateBucket => 200
2022-11-23T13:59:28.138  INFO --- [   asgi_gw_0] localstack.request.aws     : AWS s3.ListBuckets => 200
2022-11-23T13:59:28.168  INFO --- [   asgi_gw_0] localstack.request.aws     : AWS s3.PutObject => 200
2022-11-23T13:59:28.182  INFO --- [   asgi_gw_0] localstack.request.aws     : AWS s3.HeadObject => 200
2022-11-23T13:59:28.197  INFO --- [   asgi_gw_0] localstack.request.aws     : AWS s3.GetObject => 200
2022-11-23T13:59:28.231  INFO --- [   asgi_gw_0] localstack.request.aws     : AWS s3.CreateBucket => 200
2022-11-23T13:59:28.245  INFO --- [   asgi_gw_0] localstack.request.aws     : AWS s3.ListBuckets => 200
2022-11-23T13:59:28.286  INFO --- [   asgi_gw_0] localstack.request.aws     : AWS s3.PutObject => 200
2022-11-23T14:00:44.539  INFO --- [   asgi_gw_0] localstack.request.aws     : AWS s3.CreateBucket => 200
2022-11-23T14:00:44.548  INFO --- [   asgi_gw_0] localstack.request.aws     : AWS s3.ListBuckets => 200
2022-11-23T14:00:44.565  INFO --- [   asgi_gw_0] localstack.request.aws     : AWS s3.CreateBucket => 200
2022-11-23T14:00:44.573  INFO --- [   asgi_gw_0] localstack.request.aws     : AWS s3.ListBuckets => 200
2022-11-23T14:00:44.599  INFO --- [   asgi_gw_0] localstack.request.aws     : AWS s3.PutObject => 200
2022-11-23T14:00:44.608  INFO --- [   asgi_gw_0] localstack.request.aws     : AWS s3.HeadObject => 200
2022-11-23T14:00:44.618  INFO --- [   asgi_gw_0] localstack.request.aws     : AWS s3.GetObject => 200
2022-11-23T14:00:44.643  INFO --- [   asgi_gw_0] localstack.request.aws     : AWS s3.CreateBucket => 200
2022-11-23T14:00:44.651  INFO --- [   asgi_gw_0] localstack.request.aws     : AWS s3.ListBuckets => 200
2022-11-23T14:00:44.676  INFO --- [   asgi_gw_0] localstack.request.aws     : AWS s3.PutObject => 200
2022-11-23T14:05:23.350  INFO --- [   asgi_gw_0] localstack.request.aws     : AWS s3.CreateBucket => 200
2022-11-23T14:05:23.358  INFO --- [   asgi_gw_0] localstack.request.aws     : AWS s3.ListBuckets => 200
2022-11-23T14:05:23.379  INFO --- [   asgi_gw_0] localstack.request.aws     : AWS s3.CreateBucket => 200
2022-11-23T14:05:23.387  INFO --- [   asgi_gw_0] localstack.request.aws     : AWS s3.ListBuckets => 200
2022-11-23T14:05:23.416  INFO --- [   asgi_gw_0] localstack.request.aws     : AWS s3.PutObject => 200
2022-11-23T14:05:23.431  INFO --- [   asgi_gw_0] localstack.request.aws     : AWS s3.HeadObject => 200
2022-11-23T14:05:23.446  INFO --- [   asgi_gw_0] localstack.request.aws     : AWS s3.GetObject => 200
2022-11-23T14:05:23.483  INFO --- [   asgi_gw_0] localstack.request.aws     : AWS s3.CreateBucket => 200
2022-11-23T14:05:23.491  INFO --- [   asgi_gw_0] localstack.request.aws     : AWS s3.ListBuckets => 200
2022-11-23T14:05:23.519  INFO --- [   asgi_gw_0] localstack.request.aws     : AWS s3.PutObject => 200
2022-11-23T14:06:11.335  INFO --- [   asgi_gw_0] localstack.request.aws     : AWS s3.CreateBucket => 200
2022-11-23T14:06:11.345  INFO --- [   asgi_gw_0] localstack.request.aws     : AWS s3.ListBuckets => 200
2022-11-23T14:06:11.368  INFO --- [   asgi_gw_0] localstack.request.aws     : AWS s3.CreateBucket => 200
2022-11-23T14:06:11.376  INFO --- [   asgi_gw_0] localstack.request.aws     : AWS s3.ListBuckets => 200
2022-11-23T14:06:11.404  INFO --- [   asgi_gw_0] localstack.request.aws     : AWS s3.PutObject => 200
2022-11-23T14:06:11.413  INFO --- [   asgi_gw_0] localstack.request.aws     : AWS s3.HeadObject => 200
2022-11-23T14:06:11.423  INFO --- [   asgi_gw_0] localstack.request.aws     : AWS s3.GetObject => 200
2022-11-23T14:06:11.449  INFO --- [   asgi_gw_0] localstack.request.aws     : AWS s3.CreateBucket => 200
2022-11-23T14:06:11.457  INFO --- [   asgi_gw_0] localstack.request.aws     : AWS s3.ListBuckets => 200
2022-11-23T14:06:11.484  INFO --- [   asgi_gw_0] localstack.request.aws     : AWS s3.PutObject => 200
2022-11-23T14:15:54.635  INFO --- [   asgi_gw_0] localstack.request.aws     : AWS s3.CreateBucket => 200
2022-11-23T14:15:54.643  INFO --- [   asgi_gw_0] localstack.request.aws     : AWS s3.ListBuckets => 200
2022-11-23T14:15:54.660  INFO --- [   asgi_gw_0] localstack.request.aws     : AWS s3.CreateBucket => 200
2022-11-23T14:15:54.668  INFO --- [   asgi_gw_0] localstack.request.aws     : AWS s3.ListBuckets => 200
2022-11-23T14:15:54.699  INFO --- [   asgi_gw_0] localstack.request.aws     : AWS s3.PutObject => 200
2022-11-23T14:15:54.709  INFO --- [   asgi_gw_0] localstack.request.aws     : AWS s3.HeadObject => 200
2022-11-23T14:15:54.721  INFO --- [   asgi_gw_0] localstack.request.aws     : AWS s3.GetObject => 200
2022-11-23T14:15:54.749  INFO --- [   asgi_gw_0] localstack.request.aws     : AWS s3.CreateBucket => 200
2022-11-23T14:15:54.760  INFO --- [   asgi_gw_0] localstack.request.aws     : AWS s3.ListBuckets => 200
2022-11-23T14:15:54.795  INFO --- [   asgi_gw_0] localstack.request.aws     : AWS s3.PutObject => 200
2022-11-23T14:16:16.395  INFO --- [   asgi_gw_0] localstack.request.aws     : AWS s3.CreateBucket => 200
2022-11-23T14:16:16.404  INFO --- [   asgi_gw_0] localstack.request.aws     : AWS s3.ListBuckets => 200
2022-11-23T14:16:16.422  INFO --- [   asgi_gw_0] localstack.request.aws     : AWS s3.CreateBucket => 200
2022-11-23T14:16:16.435  INFO --- [   asgi_gw_0] localstack.request.aws     : AWS s3.ListBuckets => 200
2022-11-23T14:16:16.470  INFO --- [   asgi_gw_0] localstack.request.aws     : AWS s3.PutObject => 200
2022-11-23T14:16:16.480  INFO --- [   asgi_gw_0] localstack.request.aws     : AWS s3.HeadObject => 200
2022-11-23T14:16:16.495  INFO --- [   asgi_gw_0] localstack.request.aws     : AWS s3.GetObject => 200
2022-11-23T14:16:16.522  INFO --- [   asgi_gw_0] localstack.request.aws     : AWS s3.CreateBucket => 200
2022-11-23T14:16:16.538  INFO --- [   asgi_gw_0] localstack.request.aws     : AWS s3.ListBuckets => 200
2022-11-23T14:16:16.579  INFO --- [   asgi_gw_0] localstack.request.aws     : AWS s3.PutObject => 200
2022-11-23T14:16:43.746  INFO --- [   asgi_gw_0] localstack.request.aws     : AWS s3.CreateBucket => 200
2022-11-23T14:16:43.755  INFO --- [   asgi_gw_0] localstack.request.aws     : AWS s3.ListBuckets => 200
2022-11-23T14:16:43.772  INFO --- [   asgi_gw_0] localstack.request.aws     : AWS s3.CreateBucket => 200
2022-11-23T14:16:43.780  INFO --- [   asgi_gw_0] localstack.request.aws     : AWS s3.ListBuckets => 200
2022-11-23T14:16:43.809  INFO --- [   asgi_gw_0] localstack.request.aws     : AWS s3.PutObject => 200
2022-11-23T14:16:43.822  INFO --- [   asgi_gw_0] localstack.request.aws     : AWS s3.HeadObject => 200
2022-11-23T14:16:43.843  INFO --- [   asgi_gw_0] localstack.request.aws     : AWS s3.GetObject => 200
2022-11-23T14:16:43.870  INFO --- [   asgi_gw_0] localstack.request.aws     : AWS s3.CreateBucket => 200
2022-11-23T14:16:43.879  INFO --- [   asgi_gw_0] localstack.request.aws     : AWS s3.ListBuckets => 200
2022-11-23T14:16:43.905  INFO --- [   asgi_gw_0] localstack.request.aws     : AWS s3.PutObject => 200
2022-11-23T14:16:44.452  INFO --- [   asgi_gw_0] localstack.request.aws     : AWS s3.DeleteBucket => 409 (BucketNotEmpty)
2022-11-23T14:23:29.731  INFO --- [   asgi_gw_0] localstack.request.aws     : AWS s3.CreateBucket => 200
2022-11-23T14:23:29.740  INFO --- [   asgi_gw_1] localstack.request.aws     : AWS s3.ListBuckets => 200
2022-11-23T14:23:29.758  INFO --- [   asgi_gw_0] localstack.request.aws     : AWS s3.CreateBucket => 200
2022-11-23T14:23:29.766  INFO --- [   asgi_gw_1] localstack.request.aws     : AWS s3.ListBuckets => 200
2022-11-23T14:23:29.799  INFO --- [   asgi_gw_0] localstack.request.aws     : AWS s3.PutObject => 200
2022-11-23T14:23:29.810  INFO --- [   asgi_gw_1] localstack.request.aws     : AWS s3.HeadObject => 200
2022-11-23T14:23:29.831  INFO --- [   asgi_gw_0] localstack.request.aws     : AWS s3.GetObject => 200
2022-11-23T14:23:29.863  INFO --- [   asgi_gw_1] localstack.request.aws     : AWS s3.CreateBucket => 200
2022-11-23T14:23:29.873  INFO --- [   asgi_gw_0] localstack.request.aws     : AWS s3.ListBuckets => 200
2022-11-23T14:23:29.917  INFO --- [   asgi_gw_1] localstack.request.aws     : AWS s3.PutObject => 200
2022-11-23T14:23:46.662  INFO --- [   asgi_gw_0] localstack.request.aws     : AWS s3.CreateBucket => 200
2022-11-23T14:23:46.671  INFO --- [   asgi_gw_1] localstack.request.aws     : AWS s3.ListBuckets => 200
2022-11-23T14:23:46.689  INFO --- [   asgi_gw_0] localstack.request.aws     : AWS s3.CreateBucket => 200
2022-11-23T14:23:46.700  INFO --- [   asgi_gw_1] localstack.request.aws     : AWS s3.ListBuckets => 200
2022-11-23T14:23:46.727  INFO --- [   asgi_gw_0] localstack.request.aws     : AWS s3.PutObject => 200
2022-11-23T14:23:46.736  INFO --- [   asgi_gw_1] localstack.request.aws     : AWS s3.HeadObject => 200
2022-11-23T14:23:46.748  INFO --- [   asgi_gw_0] localstack.request.aws     : AWS s3.GetObject => 200
2022-11-23T14:23:46.768  INFO --- [   asgi_gw_1] localstack.request.aws     : AWS s3.CreateBucket => 200
2022-11-23T14:23:46.778  INFO --- [   asgi_gw_0] localstack.request.aws     : AWS s3.ListBuckets => 200
2022-11-23T14:23:46.806  INFO --- [   asgi_gw_1] localstack.request.aws     : AWS s3.PutObject => 200
2022-11-23T14:23:46.828  INFO --- [   asgi_gw_0] localstack.request.aws     : AWS s3.ListObjects => 200
2022-11-23T14:23:46.870  INFO --- [   asgi_gw_1] localstack.request.aws     : AWS s3.DeleteObject => 204
2022-11-23T14:23:46.921  INFO --- [   asgi_gw_0] localstack.request.aws     : AWS s3.DeleteBucket => 204
2022-11-23T14:23:46.942  INFO --- [   asgi_gw_1] localstack.request.aws     : AWS s3.ListBuckets => 200
2022-11-23T14:23:46.959  INFO --- [   asgi_gw_0] localstack.request.aws     : AWS s3.CreateBucket => 200
2022-11-23T14:23:46.996  INFO --- [   asgi_gw_1] localstack.request.aws     : AWS s3.PutObject => 200
2022-11-23T14:24:39.578  INFO --- [   asgi_gw_0] localstack.request.aws     : AWS s3.CreateBucket => 200
2022-11-23T14:24:39.588  INFO --- [   asgi_gw_1] localstack.request.aws     : AWS s3.ListBuckets => 200
2022-11-23T14:24:39.605  INFO --- [   asgi_gw_0] localstack.request.aws     : AWS s3.CreateBucket => 200
2022-11-23T14:24:39.614  INFO --- [   asgi_gw_1] localstack.request.aws     : AWS s3.ListBuckets => 200
2022-11-23T14:24:39.641  INFO --- [   asgi_gw_0] localstack.request.aws     : AWS s3.PutObject => 200
2022-11-23T14:24:39.651  INFO --- [   asgi_gw_1] localstack.request.aws     : AWS s3.HeadObject => 200
2022-11-23T14:24:39.661  INFO --- [   asgi_gw_0] localstack.request.aws     : AWS s3.GetObject => 200
2022-11-23T14:24:39.682  INFO --- [   asgi_gw_1] localstack.request.aws     : AWS s3.CreateBucket => 200
2022-11-23T14:24:39.692  INFO --- [   asgi_gw_0] localstack.request.aws     : AWS s3.ListBuckets => 200
2022-11-23T14:24:39.722  INFO --- [   asgi_gw_1] localstack.request.aws     : AWS s3.PutObject => 200
2022-11-23T14:24:39.738  INFO --- [   asgi_gw_0] localstack.request.aws     : AWS s3.ListObjects => 200
2022-11-23T14:24:39.795  INFO --- [   asgi_gw_1] localstack.request.aws     : AWS s3.DeleteObject => 204
2022-11-23T14:24:39.861  INFO --- [   asgi_gw_0] localstack.request.aws     : AWS s3.DeleteBucket => 204
2022-11-23T14:24:39.882  INFO --- [   asgi_gw_1] localstack.request.aws     : AWS s3.ListBuckets => 200
2022-11-23T14:24:39.903  INFO --- [   asgi_gw_0] localstack.request.aws     : AWS s3.CreateBucket => 200
2022-11-23T14:24:39.948  INFO --- [   asgi_gw_1] localstack.request.aws     : AWS s3.PutObject => 200
2022-11-23T14:24:59.638  INFO --- [   asgi_gw_0] localstack.request.aws     : AWS s3.CreateBucket => 200
2022-11-23T14:24:59.646  INFO --- [   asgi_gw_1] localstack.request.aws     : AWS s3.ListBuckets => 200
2022-11-23T14:24:59.663  INFO --- [   asgi_gw_0] localstack.request.aws     : AWS s3.CreateBucket => 200
2022-11-23T14:24:59.672  INFO --- [   asgi_gw_1] localstack.request.aws     : AWS s3.ListBuckets => 200
2022-11-23T14:24:59.699  INFO --- [   asgi_gw_0] localstack.request.aws     : AWS s3.PutObject => 200
2022-11-23T14:24:59.708  INFO --- [   asgi_gw_1] localstack.request.aws     : AWS s3.HeadObject => 200
2022-11-23T14:24:59.719  INFO --- [   asgi_gw_0] localstack.request.aws     : AWS s3.GetObject => 200
2022-11-23T14:24:59.742  INFO --- [   asgi_gw_1] localstack.request.aws     : AWS s3.CreateBucket => 200
2022-11-23T14:24:59.751  INFO --- [   asgi_gw_0] localstack.request.aws     : AWS s3.ListBuckets => 200
2022-11-23T14:24:59.782  INFO --- [   asgi_gw_1] localstack.request.aws     : AWS s3.PutObject => 200
2022-11-23T14:24:59.800  INFO --- [   asgi_gw_0] localstack.request.aws     : AWS s3.ListObjects => 200
2022-11-23T14:24:59.855  INFO --- [   asgi_gw_1] localstack.request.aws     : AWS s3.DeleteObject => 204
2022-11-23T14:24:59.916  INFO --- [   asgi_gw_0] localstack.request.aws     : AWS s3.DeleteBucket => 204
2022-11-23T14:24:59.937  INFO --- [   asgi_gw_1] localstack.request.aws     : AWS s3.ListBuckets => 200
2022-11-23T14:24:59.960  INFO --- [   asgi_gw_0] localstack.request.aws     : AWS s3.CreateBucket => 200
2022-11-23T14:25:00.003  INFO --- [   asgi_gw_1] localstack.request.aws     : AWS s3.PutObject => 200
2022-11-23T14:25:53.200  INFO --- [   asgi_gw_0] localstack.request.aws     : AWS s3.CreateBucket => 200
2022-11-23T14:25:53.209  INFO --- [   asgi_gw_1] localstack.request.aws     : AWS s3.ListBuckets => 200
2022-11-23T14:25:53.226  INFO --- [   asgi_gw_0] localstack.request.aws     : AWS s3.CreateBucket => 200
2022-11-23T14:25:53.234  INFO --- [   asgi_gw_1] localstack.request.aws     : AWS s3.ListBuckets => 200
2022-11-23T14:25:53.261  INFO --- [   asgi_gw_0] localstack.request.aws     : AWS s3.PutObject => 200
2022-11-23T14:25:53.271  INFO --- [   asgi_gw_1] localstack.request.aws     : AWS s3.HeadObject => 200
2022-11-23T14:25:53.287  INFO --- [   asgi_gw_0] localstack.request.aws     : AWS s3.GetObject => 200
2022-11-23T14:25:53.317  INFO --- [   asgi_gw_1] localstack.request.aws     : AWS s3.CreateBucket => 200
2022-11-23T14:25:53.325  INFO --- [   asgi_gw_0] localstack.request.aws     : AWS s3.ListBuckets => 200
2022-11-23T14:25:53.352  INFO --- [   asgi_gw_1] localstack.request.aws     : AWS s3.PutObject => 200
2022-11-23T14:25:53.369  INFO --- [   asgi_gw_0] localstack.request.aws     : AWS s3.ListObjects => 200
2022-11-23T14:25:53.426  INFO --- [   asgi_gw_1] localstack.request.aws     : AWS s3.DeleteObject => 204
2022-11-23T14:25:53.488  INFO --- [   asgi_gw_0] localstack.request.aws     : AWS s3.DeleteBucket => 204
2022-11-23T14:25:53.509  INFO --- [   asgi_gw_1] localstack.request.aws     : AWS s3.ListBuckets => 200
2022-11-23T14:25:53.533  INFO --- [   asgi_gw_0] localstack.request.aws     : AWS s3.CreateBucket => 200
2022-11-23T14:25:53.580  INFO --- [   asgi_gw_1] localstack.request.aws     : AWS s3.PutObject => 200
2022-11-23T14:31:19.080  INFO --- [   asgi_gw_1] localstack.request.aws     : AWS s3.CreateBucket => 200
2022-11-23T14:31:19.089  INFO --- [   asgi_gw_0] localstack.request.aws     : AWS s3.ListBuckets => 200
2022-11-23T14:31:19.105  INFO --- [   asgi_gw_1] localstack.request.aws     : AWS s3.CreateBucket => 200
2022-11-23T14:31:19.113  INFO --- [   asgi_gw_0] localstack.request.aws     : AWS s3.ListBuckets => 200
2022-11-23T14:31:19.142  INFO --- [   asgi_gw_1] localstack.request.aws     : AWS s3.PutObject => 200
2022-11-23T14:31:19.152  INFO --- [   asgi_gw_0] localstack.request.aws     : AWS s3.HeadObject => 200
2022-11-23T14:31:19.166  INFO --- [   asgi_gw_1] localstack.request.aws     : AWS s3.GetObject => 200
2022-11-23T14:31:19.189  INFO --- [   asgi_gw_0] localstack.request.aws     : AWS s3.CreateBucket => 200
2022-11-23T14:31:19.198  INFO --- [   asgi_gw_1] localstack.request.aws     : AWS s3.ListBuckets => 200
2022-11-23T14:31:19.227  INFO --- [   asgi_gw_0] localstack.request.aws     : AWS s3.PutObject => 200
2022-11-23T14:31:19.244  INFO --- [   asgi_gw_1] localstack.request.aws     : AWS s3.ListObjects => 200
2022-11-23T14:31:19.523  INFO --- [   asgi_gw_0] localstack.request.aws     : AWS s3.DeleteObject => 204
2022-11-23T14:31:19.585  INFO --- [   asgi_gw_1] localstack.request.aws     : AWS s3.DeleteBucket => 204
2022-11-23T14:31:19.606  INFO --- [   asgi_gw_0] localstack.request.aws     : AWS s3.ListBuckets => 200
2022-11-23T14:31:19.629  INFO --- [   asgi_gw_1] localstack.request.aws     : AWS s3.CreateBucket => 200
2022-11-23T14:31:19.664  INFO --- [   asgi_gw_0] localstack.request.aws     : AWS s3.PutObject => 200
2022-11-23T14:31:45.649  INFO --- [   asgi_gw_1] localstack.request.aws     : AWS s3.CreateBucket => 200
2022-11-23T14:31:45.657  INFO --- [   asgi_gw_0] localstack.request.aws     : AWS s3.ListBuckets => 200
2022-11-23T14:31:45.676  INFO --- [   asgi_gw_1] localstack.request.aws     : AWS s3.CreateBucket => 200
2022-11-23T14:31:45.685  INFO --- [   asgi_gw_0] localstack.request.aws     : AWS s3.ListBuckets => 200
2022-11-23T14:31:45.717  INFO --- [   asgi_gw_1] localstack.request.aws     : AWS s3.PutObject => 200
2022-11-23T14:31:45.730  INFO --- [   asgi_gw_0] localstack.request.aws     : AWS s3.HeadObject => 200
2022-11-23T14:31:45.742  INFO --- [   asgi_gw_1] localstack.request.aws     : AWS s3.GetObject => 200
2022-11-23T14:31:45.762  INFO --- [   asgi_gw_0] localstack.request.aws     : AWS s3.CreateBucket => 200
2022-11-23T14:31:45.771  INFO --- [   asgi_gw_1] localstack.request.aws     : AWS s3.ListBuckets => 200
2022-11-23T14:31:45.797  INFO --- [   asgi_gw_0] localstack.request.aws     : AWS s3.PutObject => 200
2022-11-23T14:31:45.815  INFO --- [   asgi_gw_1] localstack.request.aws     : AWS s3.ListObjects => 200
2022-11-23T14:31:45.877  INFO --- [   asgi_gw_0] localstack.request.aws     : AWS s3.DeleteObject => 204
2022-11-23T14:31:45.939  INFO --- [   asgi_gw_1] localstack.request.aws     : AWS s3.DeleteBucket => 204
2022-11-23T14:31:45.960  INFO --- [   asgi_gw_0] localstack.request.aws     : AWS s3.ListBuckets => 200
2022-11-23T14:31:45.983  INFO --- [   asgi_gw_1] localstack.request.aws     : AWS s3.CreateBucket => 200
2022-11-23T14:31:46.019  INFO --- [   asgi_gw_0] localstack.request.aws     : AWS s3.PutObject => 200
2022-11-23T14:32:07.604  INFO --- [   asgi_gw_1] localstack.request.aws     : AWS s3.CreateBucket => 200
2022-11-23T14:32:07.614  INFO --- [   asgi_gw_0] localstack.request.aws     : AWS s3.ListBuckets => 200
2022-11-23T14:32:07.630  INFO --- [   asgi_gw_1] localstack.request.aws     : AWS s3.CreateBucket => 200
2022-11-23T14:32:07.638  INFO --- [   asgi_gw_0] localstack.request.aws     : AWS s3.ListBuckets => 200
2022-11-23T14:32:07.671  INFO --- [   asgi_gw_1] localstack.request.aws     : AWS s3.PutObject => 200
2022-11-23T14:32:07.681  INFO --- [   asgi_gw_0] localstack.request.aws     : AWS s3.HeadObject => 200
2022-11-23T14:32:07.692  INFO --- [   asgi_gw_1] localstack.request.aws     : AWS s3.GetObject => 200
2022-11-23T14:32:07.714  INFO --- [   asgi_gw_0] localstack.request.aws     : AWS s3.CreateBucket => 200
2022-11-23T14:32:07.721  INFO --- [   asgi_gw_1] localstack.request.aws     : AWS s3.ListBuckets => 200
2022-11-23T14:32:07.749  INFO --- [   asgi_gw_0] localstack.request.aws     : AWS s3.PutObject => 200
2022-11-23T14:32:07.764  INFO --- [   asgi_gw_1] localstack.request.aws     : AWS s3.ListObjects => 200
2022-11-23T14:32:07.821  INFO --- [   asgi_gw_0] localstack.request.aws     : AWS s3.DeleteObject => 204
2022-11-23T14:32:07.882  INFO --- [   asgi_gw_1] localstack.request.aws     : AWS s3.DeleteBucket => 204
2022-11-23T14:32:07.899  INFO --- [   asgi_gw_0] localstack.request.aws     : AWS s3.ListBuckets => 200
2022-11-23T14:32:07.909  INFO --- [   asgi_gw_1] localstack.request.aws     : AWS s3.CreateBucket => 200
2022-11-23T14:32:07.940  INFO --- [   asgi_gw_0] localstack.request.aws     : AWS s3.PutObject => 200
2022-11-23T14:32:47.990  INFO --- [   asgi_gw_1] localstack.request.aws     : AWS s3.CreateBucket => 200
2022-11-23T14:32:47.999  INFO --- [   asgi_gw_0] localstack.request.aws     : AWS s3.ListBuckets => 200
2022-11-23T14:32:48.015  INFO --- [   asgi_gw_1] localstack.request.aws     : AWS s3.CreateBucket => 200
2022-11-23T14:32:48.023  INFO --- [   asgi_gw_0] localstack.request.aws     : AWS s3.ListBuckets => 200
2022-11-23T14:32:48.055  INFO --- [   asgi_gw_1] localstack.request.aws     : AWS s3.PutObject => 200
2022-11-23T14:32:48.070  INFO --- [   asgi_gw_0] localstack.request.aws     : AWS s3.HeadObject => 200
2022-11-23T14:32:48.088  INFO --- [   asgi_gw_1] localstack.request.aws     : AWS s3.GetObject => 200
2022-11-23T14:32:48.118  INFO --- [   asgi_gw_0] localstack.request.aws     : AWS s3.CreateBucket => 200
2022-11-23T14:32:48.129  INFO --- [   asgi_gw_1] localstack.request.aws     : AWS s3.ListBuckets => 200
2022-11-23T14:32:48.165  INFO --- [   asgi_gw_0] localstack.request.aws     : AWS s3.PutObject => 200
2022-11-23T14:32:48.186  INFO --- [   asgi_gw_1] localstack.request.aws     : AWS s3.ListObjects => 200
2022-11-23T14:32:48.243  INFO --- [   asgi_gw_0] localstack.request.aws     : AWS s3.DeleteObject => 204
2022-11-23T14:32:48.303  INFO --- [   asgi_gw_1] localstack.request.aws     : AWS s3.DeleteBucket => 204
2022-11-23T14:32:48.324  INFO --- [   asgi_gw_0] localstack.request.aws     : AWS s3.ListBuckets => 200
2022-11-23T14:32:48.345  INFO --- [   asgi_gw_1] localstack.request.aws     : AWS s3.CreateBucket => 200
2022-11-23T14:32:48.382  INFO --- [   asgi_gw_0] localstack.request.aws     : AWS s3.PutObject => 200
2022-11-23T14:38:00.224  INFO --- [   asgi_gw_1] localstack.request.aws     : AWS s3.CreateBucket => 200
2022-11-23T14:38:00.232  INFO --- [   asgi_gw_0] localstack.request.aws     : AWS s3.ListBuckets => 200
2022-11-23T14:38:00.249  INFO --- [   asgi_gw_1] localstack.request.aws     : AWS s3.CreateBucket => 200
2022-11-23T14:38:00.257  INFO --- [   asgi_gw_0] localstack.request.aws     : AWS s3.ListBuckets => 200
2022-11-23T14:38:00.287  INFO --- [   asgi_gw_1] localstack.request.aws     : AWS s3.PutObject => 200
2022-11-23T14:38:00.296  INFO --- [   asgi_gw_0] localstack.request.aws     : AWS s3.HeadObject => 200
2022-11-23T14:38:00.309  INFO --- [   asgi_gw_1] localstack.request.aws     : AWS s3.GetObject => 200
2022-11-23T14:38:00.340  INFO --- [   asgi_gw_0] localstack.request.aws     : AWS s3.CreateBucket => 200
2022-11-23T14:38:00.357  INFO --- [   asgi_gw_1] localstack.request.aws     : AWS s3.ListBuckets => 200
2022-11-23T14:38:00.398  INFO --- [   asgi_gw_0] localstack.request.aws     : AWS s3.PutObject => 200
2022-11-23T14:38:00.424  INFO --- [   asgi_gw_1] localstack.request.aws     : AWS s3.ListObjects => 200
2022-11-23T14:38:00.481  INFO --- [   asgi_gw_0] localstack.request.aws     : AWS s3.DeleteObject => 204
2022-11-23T14:38:00.541  INFO --- [   asgi_gw_1] localstack.request.aws     : AWS s3.DeleteBucket => 204
2022-11-23T14:38:00.554  INFO --- [   asgi_gw_0] localstack.request.aws     : AWS s3.ListBuckets => 200
2022-11-23T14:38:00.566  INFO --- [   asgi_gw_1] localstack.request.aws     : AWS s3.CreateBucket => 200
2022-11-23T14:38:00.605  INFO --- [   asgi_gw_0] localstack.request.aws     : AWS s3.PutObject => 200
2022-11-23T14:38:57.121  INFO --- [   asgi_gw_1] localstack.request.aws     : AWS s3.CreateBucket => 200
2022-11-23T14:38:57.130  INFO --- [   asgi_gw_0] localstack.request.aws     : AWS s3.ListBuckets => 200
2022-11-23T14:38:57.146  INFO --- [   asgi_gw_1] localstack.request.aws     : AWS s3.CreateBucket => 200
2022-11-23T14:38:57.154  INFO --- [   asgi_gw_0] localstack.request.aws     : AWS s3.ListBuckets => 200
2022-11-23T14:38:57.181  INFO --- [   asgi_gw_1] localstack.request.aws     : AWS s3.PutObject => 200
2022-11-23T14:38:57.191  INFO --- [   asgi_gw_0] localstack.request.aws     : AWS s3.HeadObject => 200
2022-11-23T14:38:57.201  INFO --- [   asgi_gw_1] localstack.request.aws     : AWS s3.GetObject => 200
2022-11-23T14:38:57.223  INFO --- [   asgi_gw_0] localstack.request.aws     : AWS s3.CreateBucket => 200
2022-11-23T14:38:57.232  INFO --- [   asgi_gw_1] localstack.request.aws     : AWS s3.ListBuckets => 200
2022-11-23T14:38:57.265  INFO --- [   asgi_gw_0] localstack.request.aws     : AWS s3.PutObject => 200
2022-11-23T14:38:57.283  INFO --- [   asgi_gw_1] localstack.request.aws     : AWS s3.ListObjects => 200
2022-11-23T14:38:57.341  INFO --- [   asgi_gw_0] localstack.request.aws     : AWS s3.DeleteObject => 204
2022-11-23T14:38:57.400  INFO --- [   asgi_gw_1] localstack.request.aws     : AWS s3.DeleteBucket => 204
2022-11-23T14:38:57.420  INFO --- [   asgi_gw_0] localstack.request.aws     : AWS s3.ListBuckets => 200
2022-11-23T14:38:57.444  INFO --- [   asgi_gw_1] localstack.request.aws     : AWS s3.CreateBucket => 200
2022-11-23T14:38:57.504  INFO --- [   asgi_gw_0] localstack.request.aws     : AWS s3.PutObject => 200
2022-11-23T14:39:14.122  INFO --- [   asgi_gw_0] localstack.request.aws     : AWS s3.ListBuckets => 200
2022-11-23T14:39:14.131  INFO --- [   asgi_gw_1] localstack.request.aws     : AWS s3.CreateBucket => 200
2022-11-23T14:39:14.156  INFO --- [   asgi_gw_0] localstack.request.aws     : AWS s3.PutObject => 200
2022-11-23T14:39:14.168  INFO --- [   asgi_gw_1] localstack.request.aws     : AWS s3.HeadObject => 200
2022-11-23T14:39:14.185  INFO --- [   asgi_gw_0] localstack.request.aws     : AWS s3.GetObject => 200
2022-11-23T14:39:14.217  INFO --- [   asgi_gw_1] localstack.request.aws     : AWS s3.CreateBucket => 200
2022-11-23T14:39:14.226  INFO --- [   asgi_gw_0] localstack.request.aws     : AWS s3.ListBuckets => 200
2022-11-23T14:39:14.243  INFO --- [   asgi_gw_1] localstack.request.aws     : AWS s3.CreateBucket => 200
2022-11-23T14:39:14.251  INFO --- [   asgi_gw_0] localstack.request.aws     : AWS s3.ListBuckets => 200
2022-11-23T14:39:14.276  INFO --- [   asgi_gw_1] localstack.request.aws     : AWS s3.PutObject => 200
2022-11-23T14:39:14.286  INFO --- [   asgi_gw_0] localstack.request.aws     : AWS s3.HeadObject => 200
2022-11-23T14:39:14.296  INFO --- [   asgi_gw_1] localstack.request.aws     : AWS s3.GetObject => 200
2022-11-23T14:39:14.316  INFO --- [   asgi_gw_0] localstack.request.aws     : AWS s3.CreateBucket => 200
2022-11-23T14:39:14.324  INFO --- [   asgi_gw_1] localstack.request.aws     : AWS s3.ListBuckets => 200
2022-11-23T14:39:14.351  INFO --- [   asgi_gw_0] localstack.request.aws     : AWS s3.PutObject => 200
2022-11-23T14:39:14.410  INFO --- [   asgi_gw_1] localstack.request.aws     : AWS s3.ListObjects => 200
2022-11-23T14:39:14.467  INFO --- [   asgi_gw_0] localstack.request.aws     : AWS s3.DeleteObject => 204
2022-11-23T14:39:14.524  INFO --- [   asgi_gw_1] localstack.request.aws     : AWS s3.DeleteBucket => 204
2022-11-23T14:39:14.545  INFO --- [   asgi_gw_0] localstack.request.aws     : AWS s3.ListBuckets => 200
2022-11-23T14:39:14.565  INFO --- [   asgi_gw_1] localstack.request.aws     : AWS s3.CreateBucket => 200
2022-11-23T14:39:14.610  INFO --- [   asgi_gw_0] localstack.request.aws     : AWS s3.PutObject => 200
